2020-06-18 09:13:42,065 CRIT Supervisor is running as root.  Privileges were not dropped because no user is specified in the config file.  If you intend to run as root, you can set user=root in the config file to avoid this message.
2020-06-18 09:13:42,065 INFO Included extra file "/opt/docker/etc/supervisor.d/cron.conf" during parsing
2020-06-18 09:13:42,066 INFO Included extra file "/opt/docker/etc/supervisor.d/dnsmasq.conf" during parsing
2020-06-18 09:13:42,066 INFO Included extra file "/opt/docker/etc/supervisor.d/php-fpm.conf" during parsing
2020-06-18 09:13:42,066 INFO Included extra file "/opt/docker/etc/supervisor.d/postfix.conf" during parsing
2020-06-18 09:13:42,066 INFO Included extra file "/opt/docker/etc/supervisor.d/ssh.conf" during parsing
2020-06-18 09:13:42,066 INFO Included extra file "/opt/docker/etc/supervisor.d/syslog.conf" during parsing
2020-06-18 09:13:42,094 INFO RPC interface 'supervisor' initialized
2020-06-18 09:13:42,094 INFO supervisord started with pid 1
2020-06-18 09:13:43,100 INFO spawned: 'syslogd' with pid 346
2020-06-18 09:13:43,102 INFO spawned: 'php-fpmd' with pid 347
2020-06-18 09:13:43,108 INFO spawned: 'crond' with pid 348
2020-06-18 09:13:43,127 INFO success: php-fpmd entered RUNNING state, process has stayed up for > than 0 seconds (startsecs)
2020-06-18 09:13:43,127 INFO success: crond entered RUNNING state, process has stayed up for > than 0 seconds (startsecs)
2020-06-18 09:13:44,551 INFO success: syslogd entered RUNNING state, process has stayed up for > than 1 seconds (startsecs)
2020-06-18 09:18:14,071 WARN received SIGQUIT indicating exit request
2020-06-18 09:18:14,071 INFO waiting for php-fpmd, crond, syslogd to die
2020-06-18 09:18:16,076 INFO stopped: crond (terminated by SIGTERM)
2020-06-18 09:18:16,136 INFO stopped: php-fpmd (exit status 0)
2020-06-18 09:18:17,138 INFO waiting for syslogd to die
2020-06-18 09:18:17,246 INFO stopped: syslogd (exit status 0)
2020-06-18 09:18:41,085 CRIT Supervisor is running as root.  Privileges were not dropped because no user is specified in the config file.  If you intend to run as root, you can set user=root in the config file to avoid this message.
2020-06-18 09:18:41,085 INFO Included extra file "/opt/docker/etc/supervisor.d/cron.conf" during parsing
2020-06-18 09:18:41,086 INFO Included extra file "/opt/docker/etc/supervisor.d/dnsmasq.conf" during parsing
2020-06-18 09:18:41,086 INFO Included extra file "/opt/docker/etc/supervisor.d/php-fpm.conf" during parsing
2020-06-18 09:18:41,086 INFO Included extra file "/opt/docker/etc/supervisor.d/postfix.conf" during parsing
2020-06-18 09:18:41,086 INFO Included extra file "/opt/docker/etc/supervisor.d/ssh.conf" during parsing
2020-06-18 09:18:41,087 INFO Included extra file "/opt/docker/etc/supervisor.d/syslog.conf" during parsing
2020-06-18 09:18:41,117 INFO RPC interface 'supervisor' initialized
2020-06-18 09:18:41,117 INFO supervisord started with pid 1
2020-06-18 09:18:42,120 INFO spawned: 'syslogd' with pid 345
2020-06-18 09:18:42,123 INFO spawned: 'php-fpmd' with pid 346
2020-06-18 09:18:42,135 INFO spawned: 'crond' with pid 347
2020-06-18 09:18:42,143 INFO success: php-fpmd entered RUNNING state, process has stayed up for > than 0 seconds (startsecs)
2020-06-18 09:18:42,144 INFO success: crond entered RUNNING state, process has stayed up for > than 0 seconds (startsecs)
2020-06-18 09:18:43,452 INFO success: syslogd entered RUNNING state, process has stayed up for > than 1 seconds (startsecs)
